<?xml version="1.0" encoding="UTF-8"?>
<!-- Generated by org.testng.reporters.JUnitReportReporter -->
<testsuite hostname="win8" name="pac.FirstWebDriverTest" tests="10" failures="0" timestamp="9 Jun 2018 05:12:11 GMT" time="0.063" errors="0">
  <testcase name="testFirstWebDriver" time="0.002" classname="pac.FirstWebDriverTest"/>
  <testcase name="testFirstWebDriver" time="0.025" classname="pac.FirstWebDriverTest"/>
  <testcase name="testFirstWebDriver" time="0.004" classname="pac.FirstWebDriverTest"/>
  <testcase name="testFirstWebDriver" time="0.001" classname="pac.FirstWebDriverTest"/>
  <testcase name="testFirstWebDriver" time="0.002" classname="pac.FirstWebDriverTest"/>
  <testcase name="testFirstWebDriver" time="0.003" classname="pac.FirstWebDriverTest"/>
  <testcase name="testFirstWebDriver" time="0.001" classname="pac.FirstWebDriverTest"/>
  <testcase name="testFirstWebDriver" time="0.008" classname="pac.FirstWebDriverTest"/>
  <testcase name="testFirstWebDriver" time="0.003" classname="pac.FirstWebDriverTest"/>
  <testcase name="testFirstWebDriver" time="0.014" classname="pac.FirstWebDriverTest"/>
</testsuite> <!-- pac.FirstWebDriverTest -->
