<?xml version="1.0" encoding="UTF-8"?>
<!-- Generated by org.testng.reporters.JUnitReportReporter -->
<testsuite hostname="win8" name="pac.CartTest" tests="5" failures="0" timestamp="9 Jun 2018 05:07:01 GMT" time="0.048" errors="0">
  <testcase name="addtoCartTest" time="0.006" classname="pac.CartTest"/>
  <testcase name="addtoCartTest" time="0.001" classname="pac.CartTest"/>
  <testcase name="addtoCartTest" time="0.015" classname="pac.CartTest"/>
  <testcase name="addtoCartTest" time="0.024" classname="pac.CartTest"/>
  <testcase name="addtoCartTest" time="0.002" classname="pac.CartTest"/>
</testsuite> <!-- pac.CartTest -->
